[31m         larexrxjavadem[0m [30;102m I [0m Late-enabling -Xcheck:jni
                        [30;101m E [0m Unknown bits set in runtime_flags: 0x8000

[107m                           [0m Process com.solarexsoft.solarexrxjavademo created for activity {com.solarexsoft.solarexrxjavademo/c
                            om.solarexsoft.solarexrxjavademo.MainActivity}
[107m                           [0m PID: 18192   UID:    GIDs: 

[32m                   Perf[0m [30;102m I [0m Connecting to perf service.
[31m         larexrxjavadem[0m [30;102m I [0m [GL_OOM] ClampGrowthLimit 268435456
[33m                   Font[0m [37;100m V [0m Change font:2
                        [37;100m V [0m Default family:android.graphics.Typeface@85a5a98
[32m                   Perf[0m [30;101m E [0m Fail to get file list com.solarexsoft.solarexrxjavademo
                        [30;101m E [0m getFolderSize() : Exception_1 = java.lang.NullPointerException: Attempt to get length of null array
                        [30;101m E [0m Fail to get file list com.solarexsoft.solarexrxjavademo
                        [30;101m E [0m getFolderSize() : Exception_1 = java.lang.NullPointerException: Attempt to get length of null array
[34m FlingOptimizerScroller[0m [37;100m V [0m FlingOptimizerOverScroller Init
[31m         larexrxjavadem[0m [30;103m W [0m Accessing hidden method Landroid/view/View;->computeFitSystemWindows(Landroid/graphics/Rect;Landroid
                            /graphics/Rect;)Z (greylist, reflection, allowed)
                        [30;103m W [0m Accessing hidden method Landroid/view/ViewGroup;->makeOptionalFitsSystemWindows()V (greylist, reflec
                            tion, allowed)
[35m           ViewRootImpl[0m [37;100m V [0m The specified message queue synchronization  barrier token has not been posted or has already been r
                            emoved
[36m             AdrenoGLES[0m [30;102m I [0m QUALCOMM build                   : bc92c36, I9e73322269
                        [30;102m I [0m Build Date                       : 08/28/19
                        [30;102m I [0m OpenGL ES Shader Compiler Version: EV031.27.02.00
                        [30;102m I [0m Local Branch                     :
                        [30;102m I [0m Remote Branch                    : refs/tags/AU_LINUX_ANDROID_LA.UM.8.1.R1.09.00.00.529.074
                        [30;102m I [0m Remote Branch                    : NONE
                        [30;102m I [0m Reconstruct Branch               : NOTHING
                        [30;102m I [0m Build Config                     : S P 8.0.8 AArch64
                        [30;102m I [0m PFP: 0x016ee187, ME: 0x00000000
[33m               Gralloc3[0m [30;103m W [0m mapper 3.x is not supported
[32m                       [0m [30;104m D [0m Successfully load libgui-plugin.so, this=0x7a146b0050
[34m     OnePlusJankManager[0m [30;104m D [0m  Chor uploadMDM JANK_TYPE_ONCE mViewTitle = com.solarexsoft.solarexrxjavademo/com.solarexsoft.solare
                            xrxjavademo.MainActivity--- jank level = 1
[31m              DecorView[0m [30;104m D [0m onWindowFocusChangedFromViewRoot hasFocus: true, DecorView@3f58f29[MainActivity]
[35m             Observable[0m [30;104m D [0m com.solarexsoft.solarexrxjava.Observable@3afdb9d,onSubscribe = com.solarexsoft.solarexrxjavademo.Mai
                            nActivity$2@f388812 --> main
[36m             System.err[0m [30;103m W [0m java.lang.Exception: Stack trace
                        [30;103m W [0m     at java.lang.Thread.dumpStack(Thread.java:1513)
                        [30;103m W [0m     at com.solarexsoft.solarexrxjava.Observable.<init>(Observable.java:20)
                        [30;103m W [0m     at com.solarexsoft.solarexrxjava.Observable.create(Observable.java:26)
                        [30;103m W [0m     at com.solarexsoft.solarexrxjavademo.MainActivity.onClick(MainActivity.java:37)
                        [30;103m W [0m     at android.view.View.performClick(View.java:7201)
                        [30;103m W [0m     at android.view.View.performClickInternal(View.java:7170)
                        [30;103m W [0m     at android.view.View.access$3500(View.java:806)
                        [30;103m W [0m     at android.view.View$PerformClick.run(View.java:27562)
                        [30;103m W [0m     at android.os.Handler.handleCallback(Handler.java:883)
                        [30;103m W [0m     at android.os.Handler.dispatchMessage(Handler.java:100)
                        [30;103m W [0m     at android.os.Looper.loop(Looper.java:214)
                        [30;103m W [0m     at android.app.ActivityThread.main(ActivityThread.java:7682)
                        [30;103m W [0m     at java.lang.reflect.Method.invoke(Native Method)
                        [30;103m W [0m     at com.android.internal.os.RuntimeInit$MethodAndArgsCaller.run(RuntimeInit.java:516)
                        [30;103m W [0m     at com.android.internal.os.ZygoteInit.main(ZygoteInit.java:950)
[35m             Observable[0m [30;104m D [0m com.solarexsoft.solarexrxjava.Observable@3afdb9d subscribe observer = com.solarexsoft.solarexrxjavad
                            emo.MainActivity$1@34ab9e0 --> main
[36m             System.err[0m [30;103m W [0m java.lang.Exception: Stack trace
                        [30;103m W [0m     at java.lang.Thread.dumpStack(Thread.java:1513)
                        [30;103m W [0m     at com.solarexsoft.solarexrxjava.Observable.subscribe(Observable.java:32)
                        [30;103m W [0m     at com.solarexsoft.solarexrxjavademo.MainActivity.onClick(MainActivity.java:44)
                        [30;103m W [0m     at android.view.View.performClick(View.java:7201)
                        [30;103m W [0m     at android.view.View.performClickInternal(View.java:7170)
                        [30;103m W [0m     at android.view.View.access$3500(View.java:806)
                        [30;103m W [0m     at android.view.View$PerformClick.run(View.java:27562)
                        [30;103m W [0m     at android.os.Handler.handleCallback(Handler.java:883)
                        [30;103m W [0m     at android.os.Handler.dispatchMessage(Handler.java:100)
                        [30;103m W [0m     at android.os.Looper.loop(Looper.java:214)
                        [30;103m W [0m     at android.app.ActivityThread.main(ActivityThread.java:7682)
                        [30;103m W [0m     at java.lang.reflect.Method.invoke(Native Method)
                        [30;103m W [0m     at com.android.internal.os.RuntimeInit$MethodAndArgsCaller.run(RuntimeInit.java:516)
                        [30;103m W [0m     at com.android.internal.os.ZygoteInit.main(ZygoteInit.java:950)
[33m           MainActivity[0m [30;104m D [0m normal before subscribe --> main
                        [30;104m D [0m normal com.solarexsoft.solarexrxjavademo.MainActivity$1@34ab9e0 onNext solarex --> main
                        [30;104m D [0m normal after subscribe --> main
[31m              DecorView[0m [30;104m D [0m onWindowFocusChangedFromViewRoot hasFocus: true, DecorView@3f58f29[MainActivity]
[35m             Observable[0m [30;104m D [0m com.solarexsoft.solarexrxjava.Observable@e75d609,onSubscribe = com.solarexsoft.solarexrxjavademo.Mai
                            nActivity$5@359100e --> main
[36m             System.err[0m [30;103m W [0m java.lang.Exception: Stack trace
                        [30;103m W [0m     at java.lang.Thread.dumpStack(Thread.java:1513)
                        [30;103m W [0m     at com.solarexsoft.solarexrxjava.Observable.<init>(Observable.java:20)
                        [30;103m W [0m     at com.solarexsoft.solarexrxjava.Observable.create(Observable.java:26)
                        [30;103m W [0m     at com.solarexsoft.solarexrxjavademo.MainActivity.onClick(MainActivity.java:62)
                        [30;103m W [0m     at android.view.View.performClick(View.java:7201)
                        [30;103m W [0m     at android.view.View.performClickInternal(View.java:7170)
                        [30;103m W [0m     at android.view.View.access$3500(View.java:806)
                        [30;103m W [0m     at android.view.View$PerformClick.run(View.java:27562)
                        [30;103m W [0m     at android.os.Handler.handleCallback(Handler.java:883)
                        [30;103m W [0m     at android.os.Handler.dispatchMessage(Handler.java:100)
                        [30;103m W [0m     at android.os.Looper.loop(Looper.java:214)
                        [30;103m W [0m     at android.app.ActivityThread.main(ActivityThread.java:7682)
                        [30;103m W [0m     at java.lang.reflect.Method.invoke(Native Method)
                        [30;103m W [0m     at com.android.internal.os.RuntimeInit$MethodAndArgsCaller.run(RuntimeInit.java:516)
                        [30;103m W [0m     at com.android.internal.os.ZygoteInit.main(ZygoteInit.java:950)
[35m             Observable[0m [30;104m D [0m com.solarexsoft.solarexrxjava.Observable@e75d609 map --> main
[36m             System.err[0m [30;103m W [0m java.lang.Exception: Stack trace
                        [30;103m W [0m     at java.lang.Thread.dumpStack(Thread.java:1513)
                        [30;103m W [0m     at com.solarexsoft.solarexrxjava.Observable.map(Observable.java:40)
                        [30;103m W [0m     at com.solarexsoft.solarexrxjavademo.MainActivity.onClick(MainActivity.java:69)
                        [30;103m W [0m     at android.view.View.performClick(View.java:7201)
                        [30;103m W [0m     at android.view.View.performClickInternal(View.java:7170)
                        [30;103m W [0m     at android.view.View.access$3500(View.java:806)
                        [30;103m W [0m     at android.view.View$PerformClick.run(View.java:27562)
                        [30;103m W [0m     at android.os.Handler.handleCallback(Handler.java:883)
                        [30;103m W [0m     at android.os.Handler.dispatchMessage(Handler.java:100)
                        [30;103m W [0m     at android.os.Looper.loop(Looper.java:214)
                        [30;103m W [0m     at android.app.ActivityThread.main(ActivityThread.java:7682)
                        [30;103m W [0m     at java.lang.reflect.Method.invoke(Native Method)
                        [30;103m W [0m     at com.android.internal.os.RuntimeInit$MethodAndArgsCaller.run(RuntimeInit.java:516)
                        [30;103m W [0m     at com.android.internal.os.ZygoteInit.main(ZygoteInit.java:950)
[32m        OnSubscribeLift[0m [30;104m D [0m com.solarexsoft.solarexrxjava.OnSubscribeLift@39cc9c5,parent = com.solarexsoft.solarexrxjavademo.Mai
                            nActivity$5@359100e
[36m             System.err[0m [30;103m W [0m java.lang.Exception: Stack trace
                        [30;103m W [0m     at java.lang.Thread.dumpStack(Thread.java:1513)
                        [30;103m W [0m     at com.solarexsoft.solarexrxjava.OnSubscribeLift.<init>(OnSubscribeLift.java:21)
                        [30;103m W [0m     at com.solarexsoft.solarexrxjava.Observable.map(Observable.java:42)
                        [30;103m W [0m     at com.solarexsoft.solarexrxjavademo.MainActivity.onClick(MainActivity.java:69)
                        [30;103m W [0m     at android.view.View.performClick(View.java:7201)
                        [30;103m W [0m     at android.view.View.performClickInternal(View.java:7170)
                        [30;103m W [0m     at android.view.View.access$3500(View.java:806)
                        [30;103m W [0m     at android.view.View$PerformClick.run(View.java:27562)
                        [30;103m W [0m     at android.os.Handler.handleCallback(Handler.java:883)
                        [30;103m W [0m     at android.os.Handler.dispatchMessage(Handler.java:100)
                        [30;103m W [0m     at android.os.Looper.loop(Looper.java:214)
                        [30;103m W [0m     at android.app.ActivityThread.main(ActivityThread.java:7682)
                        [30;103m W [0m     at java.lang.reflect.Method.invoke(Native Method)
                        [30;103m W [0m     at com.android.internal.os.RuntimeInit$MethodAndArgsCaller.run(RuntimeInit.java:516)
                        [30;103m W [0m     at com.android.internal.os.ZygoteInit.main(ZygoteInit.java:950)
[34m            OperatorMap[0m [30;104m D [0m com.solarexsoft.solarexrxjava.OperatorMap@9355a4b --> main
[36m             System.err[0m [30;103m W [0m java.lang.Exception: Stack trace
                        [30;103m W [0m     at java.lang.Thread.dumpStack(Thread.java:1513)
                        [30;103m W [0m     at com.solarexsoft.solarexrxjava.OperatorMap.<init>(OperatorMap.java:21)
                        [30;103m W [0m     at com.solarexsoft.solarexrxjava.OnSubscribeLift.<init>(OnSubscribeLift.java:24)
                        [30;103m W [0m     at com.solarexsoft.solarexrxjava.Observable.map(Observable.java:42)
                        [30;103m W [0m     at com.solarexsoft.solarexrxjavademo.MainActivity.onClick(MainActivity.java:69)
                        [30;103m W [0m     at android.view.View.performClick(View.java:7201)
                        [30;103m W [0m     at android.view.View.performClickInternal(View.java:7170)
                        [30;103m W [0m     at android.view.View.access$3500(View.java:806)
                        [30;103m W [0m     at android.view.View$PerformClick.run(View.java:27562)
                        [30;103m W [0m     at android.os.Handler.handleCallback(Handler.java:883)
                        [30;103m W [0m     at android.os.Handler.dispatchMessage(Handler.java:100)
                        [30;103m W [0m     at android.os.Looper.loop(Looper.java:214)
                        [30;103m W [0m     at android.app.ActivityThread.main(ActivityThread.java:7682)
                        [30;103m W [0m     at java.lang.reflect.Method.invoke(Native Method)
                        [30;103m W [0m     at com.android.internal.os.RuntimeInit$MethodAndArgsCaller.run(RuntimeInit.java:516)
                        [30;103m W [0m     at com.android.internal.os.ZygoteInit.main(ZygoteInit.java:950)
[35m             Observable[0m [30;104m D [0m com.solarexsoft.solarexrxjava.Observable@c853d41,onSubscribe = com.solarexsoft.solarexrxjava.OnSubsc
                            ribeLift@39cc9c5 --> main
[36m             System.err[0m [30;103m W [0m java.lang.Exception: Stack trace
                        [30;103m W [0m     at java.lang.Thread.dumpStack(Thread.java:1513)
                        [30;103m W [0m     at com.solarexsoft.solarexrxjava.Observable.<init>(Observable.java:20)
                        [30;103m W [0m     at com.solarexsoft.solarexrxjava.Observable.map(Observable.java:42)
                        [30;103m W [0m     at com.solarexsoft.solarexrxjavademo.MainActivity.onClick(MainActivity.java:69)
                        [30;103m W [0m     at android.view.View.performClick(View.java:7201)
                        [30;103m W [0m     at android.view.View.performClickInternal(View.java:7170)
                        [30;103m W [0m     at android.view.View.access$3500(View.java:806)
                        [30;103m W [0m     at android.view.View$PerformClick.run(View.java:27562)
                        [30;103m W [0m     at android.os.Handler.handleCallback(Handler.java:883)
                        [30;103m W [0m     at android.os.Handler.dispatchMessage(Handler.java:100)
                        [30;103m W [0m     at android.os.Looper.loop(Looper.java:214)
                        [30;103m W [0m     at android.app.ActivityThread.main(ActivityThread.java:7682)
                        [30;103m W [0m     at java.lang.reflect.Method.invoke(Native Method)
                        [30;103m W [0m     at com.android.internal.os.RuntimeInit$MethodAndArgsCaller.run(RuntimeInit.java:516)
                        [30;103m W [0m     at com.android.internal.os.ZygoteInit.main(ZygoteInit.java:950)
[35m             Observable[0m [30;104m D [0m com.solarexsoft.solarexrxjava.Observable@c853d41 subscribe observer = com.solarexsoft.solarexrxjavad
                            emo.MainActivity$3@27d5027 --> main
[36m             System.err[0m [30;103m W [0m java.lang.Exception: Stack trace
                        [30;103m W [0m     at java.lang.Thread.dumpStack(Thread.java:1513)
                        [30;103m W [0m     at com.solarexsoft.solarexrxjava.Observable.subscribe(Observable.java:32)
                        [30;103m W [0m     at com.solarexsoft.solarexrxjavademo.MainActivity.onClick(MainActivity.java:75)
                        [30;103m W [0m     at android.view.View.performClick(View.java:7201)
                        [30;103m W [0m     at android.view.View.performClickInternal(View.java:7170)
                        [30;103m W [0m     at android.view.View.access$3500(View.java:806)
                        [30;103m W [0m     at android.view.View$PerformClick.run(View.java:27562)
                        [30;103m W [0m     at android.os.Handler.handleCallback(Handler.java:883)
                        [30;103m W [0m     at android.os.Handler.dispatchMessage(Handler.java:100)
                        [30;103m W [0m     at android.os.Looper.loop(Looper.java:214)
                        [30;103m W [0m     at android.app.ActivityThread.main(ActivityThread.java:7682)
                        [30;103m W [0m     at java.lang.reflect.Method.invoke(Native Method)
                        [30;103m W [0m     at com.android.internal.os.RuntimeInit$MethodAndArgsCaller.run(RuntimeInit.java:516)
                        [30;103m W [0m     at com.android.internal.os.ZygoteInit.main(ZygoteInit.java:950)
[32m        OnSubscribeLift[0m [30;104m D [0m com.solarexsoft.solarexrxjava.OnSubscribeLift@39cc9c5 subscribe main,observer = com.solarexsoft.sola
                            rexrxjavademo.MainActivity$3@27d5027
[36m             System.err[0m [30;103m W [0m java.lang.Exception: Stack trace
                        [30;103m W [0m     at java.lang.Thread.dumpStack(Thread.java:1513)
                        [30;103m W [0m     at com.solarexsoft.solarexrxjava.OnSubscribeLift.subscribe(OnSubscribeLift.java:30)
                        [30;103m W [0m     at com.solarexsoft.solarexrxjava.OnSubscribeLift.subscribe(OnSubscribeLift.java:13)
                        [30;103m W [0m     at com.solarexsoft.solarexrxjava.Observable.subscribe(Observable.java:34)
                        [30;103m W [0m     at com.solarexsoft.solarexrxjavademo.MainActivity.onClick(MainActivity.java:75)
                        [30;103m W [0m     at android.view.View.performClick(View.java:7201)
                        [30;103m W [0m     at android.view.View.performClickInternal(View.java:7170)
                        [30;103m W [0m     at android.view.View.access$3500(View.java:806)
                        [30;103m W [0m     at android.view.View$PerformClick.run(View.java:27562)
                        [30;103m W [0m     at android.os.Handler.handleCallback(Handler.java:883)
                        [30;103m W [0m     at android.os.Handler.dispatchMessage(Handler.java:100)
                        [30;103m W [0m     at android.os.Looper.loop(Looper.java:214)
                        [30;103m W [0m     at android.app.ActivityThread.main(ActivityThread.java:7682)
                        [30;103m W [0m     at java.lang.reflect.Method.invoke(Native Method)
                        [30;103m W [0m     at com.android.internal.os.RuntimeInit$MethodAndArgsCaller.run(RuntimeInit.java:516)
                        [30;103m W [0m     at com.android.internal.os.ZygoteInit.main(ZygoteInit.java:950)
[34m            OperatorMap[0m [30;104m D [0m observer = com.solarexsoft.solarexrxjavademo.MainActivity$3@27d5027,this = com.solarexsoft.solarexrx
                            java.OperatorMap@9355a4b apply main
[36m             System.err[0m [30;103m W [0m java.lang.Exception: Stack trace
                        [30;103m W [0m     at java.lang.Thread.dumpStack(Thread.java:1513)
                        [30;103m W [0m     at com.solarexsoft.solarexrxjava.OperatorMap.apply(OperatorMap.java:30)
                        [30;103m W [0m     at com.solarexsoft.solarexrxjava.OperatorMap.apply(OperatorMap.java:13)
                        [30;103m W [0m     at com.solarexsoft.solarexrxjava.OnSubscribeLift.subscribe(OnSubscribeLift.java:32)
                        [30;103m W [0m     at com.solarexsoft.solarexrxjava.OnSubscribeLift.subscribe(OnSubscribeLift.java:13)
                        [30;103m W [0m     at com.solarexsoft.solarexrxjava.Observable.subscribe(Observable.java:34)
                        [30;103m W [0m     at com.solarexsoft.solarexrxjavademo.MainActivity.onClick(MainActivity.java:75)
                        [30;103m W [0m     at android.view.View.performClick(View.java:7201)
                        [30;103m W [0m     at android.view.View.performClickInternal(View.java:7170)
                        [30;103m W [0m     at android.view.View.access$3500(View.java:806)
                        [30;103m W [0m     at android.view.View$PerformClick.run(View.java:27562)
                        [30;103m W [0m     at android.os.Handler.handleCallback(Handler.java:883)
                        [30;103m W [0m     at android.os.Handler.dispatchMessage(Handler.java:100)
                        [30;103m W [0m     at android.os.Looper.loop(Looper.java:214)
                        [30;103m W [0m     at android.app.ActivityThread.main(ActivityThread.java:7682)
                        [30;103m W [0m     at java.lang.reflect.Method.invoke(Native Method)
                        [30;103m W [0m     at com.android.internal.os.RuntimeInit$MethodAndArgsCaller.run(RuntimeInit.java:516)
                        [30;103m W [0m     at com.android.internal.os.ZygoteInit.main(ZygoteInit.java:950)
[33m          MapSubscriber[0m [30;104m D [0m actual = com.solarexsoft.solarexrxjavademo.MainActivity$3@27d5027 --> main
[36m             System.err[0m [30;103m W [0m java.lang.Exception: Stack trace
                        [30;103m W [0m     at java.lang.Thread.dumpStack(Thread.java:1513)
                        [30;103m W [0m     at com.solarexsoft.solarexrxjava.OperatorMap$MapSubscriber.<init>(OperatorMap.java:43)
                        [30;103m W [0m     at com.solarexsoft.solarexrxjava.OperatorMap.apply(OperatorMap.java:32)
                        [30;103m W [0m     at com.solarexsoft.solarexrxjava.OperatorMap.apply(OperatorMap.java:13)
                        [30;103m W [0m     at com.solarexsoft.solarexrxjava.OnSubscribeLift.subscribe(OnSubscribeLift.java:32)
                        [30;103m W [0m     at com.solarexsoft.solarexrxjava.OnSubscribeLift.subscribe(OnSubscribeLift.java:13)
                        [30;103m W [0m     at com.solarexsoft.solarexrxjava.Observable.subscribe(Observable.java:34)
                        [30;103m W [0m     at com.solarexsoft.solarexrxjavademo.MainActivity.onClick(MainActivity.java:75)
                        [30;103m W [0m     at android.view.View.performClick(View.java:7201)
                        [30;103m W [0m     at android.view.View.performClickInternal(View.java:7170)
                        [30;103m W [0m     at android.view.View.access$3500(View.java:806)
                        [30;103m W [0m     at android.view.View$PerformClick.run(View.java:27562)
                        [30;103m W [0m     at android.os.Handler.handleCallback(Handler.java:883)
                        [30;103m W [0m     at android.os.Handler.dispatchMessage(Handler.java:100)
                        [30;103m W [0m     at android.os.Looper.loop(Looper.java:214)
                        [30;103m W [0m     at android.app.ActivityThread.main(ActivityThread.java:7682)
                        [30;103m W [0m     at java.lang.reflect.Method.invoke(Native Method)
                        [30;103m W [0m     at com.android.internal.os.RuntimeInit$MethodAndArgsCaller.run(RuntimeInit.java:516)
                        [30;103m W [0m     at com.android.internal.os.ZygoteInit.main(ZygoteInit.java:950)
[32m        OnSubscribeLift[0m [30;104m D [0m com.solarexsoft.solarexrxjava.OnSubscribeLift@39cc9c5 subscribe main, st = com.solarexsoft.solarexrx
                            java.OperatorMap$MapSubscriber@998a840
[36m             System.err[0m [30;103m W [0m java.lang.Exception: Stack trace
                        [30;103m W [0m     at java.lang.Thread.dumpStack(Thread.java:1513)
                        [30;103m W [0m     at com.solarexsoft.solarexrxjava.OnSubscribeLift.subscribe(OnSubscribeLift.java:35)
                        [30;103m W [0m     at com.solarexsoft.solarexrxjava.OnSubscribeLift.subscribe(OnSubscribeLift.java:13)
                        [30;103m W [0m     at com.solarexsoft.solarexrxjava.Observable.subscribe(Observable.java:34)
                        [30;103m W [0m     at com.solarexsoft.solarexrxjavademo.MainActivity.onClick(MainActivity.java:75)
                        [30;103m W [0m     at android.view.View.performClick(View.java:7201)
                        [30;103m W [0m     at android.view.View.performClickInternal(View.java:7170)
                        [30;103m W [0m     at android.view.View.access$3500(View.java:806)
                        [30;103m W [0m     at android.view.View$PerformClick.run(View.java:27562)
                        [30;103m W [0m     at android.os.Handler.handleCallback(Handler.java:883)
                        [30;103m W [0m     at android.os.Handler.dispatchMessage(Handler.java:100)
                        [30;103m W [0m     at android.os.Looper.loop(Looper.java:214)
                        [30;103m W [0m     at android.app.ActivityThread.main(ActivityThread.java:7682)
                        [30;103m W [0m     at java.lang.reflect.Method.invoke(Native Method)
                        [30;103m W [0m     at com.android.internal.os.RuntimeInit$MethodAndArgsCaller.run(RuntimeInit.java:516)
                        [30;103m W [0m     at com.android.internal.os.ZygoteInit.main(ZygoteInit.java:950)
[33m           MainActivity[0m [30;104m D [0m map before subscribe --> main
[33m          MapSubscriber[0m [30;104m D [0m com.solarexsoft.solarexrxjava.OperatorMap$MapSubscriber@998a840 onNext solarexmain
[36m             System.err[0m [30;103m W [0m java.lang.Exception: Stack trace
                        [30;103m W [0m     at java.lang.Thread.dumpStack(Thread.java:1513)
                        [30;103m W [0m     at com.solarexsoft.solarexrxjava.OperatorMap$MapSubscriber.onNext(OperatorMap.java:53)
                        [30;103m W [0m     at com.solarexsoft.solarexrxjavademo.MainActivity$5.subscribe(MainActivity.java:66)
                        [30;103m W [0m     at com.solarexsoft.solarexrxjavademo.MainActivity$5.subscribe(MainActivity.java:62)
                        [30;103m W [0m     at com.solarexsoft.solarexrxjava.OnSubscribeLift.subscribe(OnSubscribeLift.java:37)
                        [30;103m W [0m     at com.solarexsoft.solarexrxjava.OnSubscribeLift.subscribe(OnSubscribeLift.java:13)
                        [30;103m W [0m     at com.solarexsoft.solarexrxjava.Observable.subscribe(Observable.java:34)
                        [30;103m W [0m     at com.solarexsoft.solarexrxjavademo.MainActivity.onClick(MainActivity.java:75)
                        [30;103m W [0m     at android.view.View.performClick(View.java:7201)
                        [30;103m W [0m     at android.view.View.performClickInternal(View.java:7170)
                        [30;103m W [0m     at android.view.View.access$3500(View.java:806)
                        [30;103m W [0m     at android.view.View$PerformClick.run(View.java:27562)
                        [30;103m W [0m     at android.os.Handler.handleCallback(Handler.java:883)
                        [30;103m W [0m     at android.os.Handler.dispatchMessage(Handler.java:100)
                        [30;103m W [0m     at android.os.Looper.loop(Looper.java:214)
                        [30;103m W [0m     at android.app.ActivityThread.main(ActivityThread.java:7682)
                        [30;103m W [0m     at java.lang.reflect.Method.invoke(Native Method)
                        [30;103m W [0m     at com.android.internal.os.RuntimeInit$MethodAndArgsCaller.run(RuntimeInit.java:516)
                        [30;103m W [0m     at com.android.internal.os.ZygoteInit.main(ZygoteInit.java:950)
[33m          MapSubscriber[0m [30;104m D [0m com.solarexsoft.solarexrxjava.OperatorMap$MapSubscriber@998a840 onNext solarexbefore transform
[33m           MainActivity[0m [30;104m D [0m map apply solarex --> main
[33m          MapSubscriber[0m [30;104m D [0m com.solarexsoft.solarexrxjava.OperatorMap$MapSubscriber@998a840 onNext android.graphics.Bitmap@2c21d
                            1f after transform
[33m           MainActivity[0m [30;104m D [0m map com.solarexsoft.solarexrxjavademo.MainActivity$3@27d5027 onNext android.graphics.Bitmap@2c21d1f 
                            --> main
                        [30;104m D [0m map after subscribe --> main
[35m             Observable[0m [30;104m D [0m com.solarexsoft.solarexrxjava.Observable@c76f8b1,onSubscribe = com.solarexsoft.solarexrxjavademo.Mai
                            nActivity$7@8540196 --> main
[36m             System.err[0m [30;103m W [0m java.lang.Exception: Stack trace
                        [30;103m W [0m     at java.lang.Thread.dumpStack(Thread.java:1513)
                        [30;103m W [0m     at com.solarexsoft.solarexrxjava.Observable.<init>(Observable.java:20)
                        [30;103m W [0m     at com.solarexsoft.solarexrxjava.Observable.create(Observable.java:26)
                        [30;103m W [0m     at com.solarexsoft.solarexrxjavademo.MainActivity.onClick(MainActivity.java:93)
                        [30;103m W [0m     at android.view.View.performClick(View.java:7201)
                        [30;103m W [0m     at android.view.View.performClickInternal(View.java:7170)
                        [30;103m W [0m     at android.view.View.access$3500(View.java:806)
                        [30;103m W [0m     at android.view.View$PerformClick.run(View.java:27562)
                        [30;103m W [0m     at android.os.Handler.handleCallback(Handler.java:883)
                        [30;103m W [0m     at android.os.Handler.dispatchMessage(Handler.java:100)
                        [30;103m W [0m     at android.os.Looper.loop(Looper.java:214)
                        [30;103m W [0m     at android.app.ActivityThread.main(ActivityThread.java:7682)
                        [30;103m W [0m     at java.lang.reflect.Method.invoke(Native Method)
                        [30;103m W [0m     at com.android.internal.os.RuntimeInit$MethodAndArgsCaller.run(RuntimeInit.java:516)
                        [30;103m W [0m     at com.android.internal.os.ZygoteInit.main(ZygoteInit.java:950)
[35m             Observable[0m [30;104m D [0m com.solarexsoft.solarexrxjava.Observable@c76f8b1 subscribeOnIO --> main
[36m             System.err[0m [30;103m W [0m java.lang.Exception: Stack trace
                        [30;103m W [0m     at java.lang.Thread.dumpStack(Thread.java:1513)
                        [30;103m W [0m     at com.solarexsoft.solarexrxjava.Observable.subscribeOnIO(Observable.java:48)
                        [30;103m W [0m     at com.solarexsoft.solarexrxjavademo.MainActivity.onClick(MainActivity.java:100)
                        [30;103m W [0m     at android.view.View.performClick(View.java:7201)
                        [30;103m W [0m     at android.view.View.performClickInternal(View.java:7170)
                        [30;103m W [0m     at android.view.View.access$3500(View.java:806)
                        [30;103m W [0m     at android.view.View$PerformClick.run(View.java:27562)
                        [30;103m W [0m     at android.os.Handler.handleCallback(Handler.java:883)
                        [30;103m W [0m     at android.os.Handler.dispatchMessage(Handler.java:100)
                        [30;103m W [0m     at android.os.Looper.loop(Looper.java:214)
                        [30;103m W [0m     at android.app.ActivityThread.main(ActivityThread.java:7682)
                        [30;103m W [0m     at java.lang.reflect.Method.invoke(Native Method)
                        [30;103m W [0m     at com.android.internal.os.RuntimeInit$MethodAndArgsCaller.run(RuntimeInit.java:516)
                        [30;103m W [0m     at com.android.internal.os.ZygoteInit.main(ZygoteInit.java:950)
[31m          OnSubscribeIO[0m [30;104m D [0m com.solarexsoft.solarexrxjava.OnSubscribeIO@1d16eed,parent = com.solarexsoft.solarexrxjava.Observabl
                            e@c76f8b1
[36m             System.err[0m [30;103m W [0m java.lang.Exception: Stack trace
                        [30;103m W [0m     at java.lang.Thread.dumpStack(Thread.java:1513)
                        [30;103m W [0m     at com.solarexsoft.solarexrxjava.OnSubscribeIO.<init>(OnSubscribeIO.java:23)
                        [30;103m W [0m     at com.solarexsoft.solarexrxjava.Observable.subscribeOnIO(Observable.java:50)
                        [30;103m W [0m     at com.solarexsoft.solarexrxjavademo.MainActivity.onClick(MainActivity.java:100)
                        [30;103m W [0m     at android.view.View.performClick(View.java:7201)
                        [30;103m W [0m     at android.view.View.performClickInternal(View.java:7170)
                        [30;103m W [0m     at android.view.View.access$3500(View.java:806)
                        [30;103m W [0m     at android.view.View$PerformClick.run(View.java:27562)
                        [30;103m W [0m     at android.os.Handler.handleCallback(Handler.java:883)
                        [30;103m W [0m     at android.os.Handler.dispatchMessage(Handler.java:100)
                        [30;103m W [0m     at android.os.Looper.loop(Looper.java:214)
                        [30;103m W [0m     at android.app.ActivityThread.main(ActivityThread.java:7682)
                        [30;103m W [0m     at java.lang.reflect.Method.invoke(Native Method)
                        [30;103m W [0m     at com.android.internal.os.RuntimeInit$MethodAndArgsCaller.run(RuntimeInit.java:516)
                        [30;103m W [0m     at com.android.internal.os.ZygoteInit.main(ZygoteInit.java:950)
[35m             Observable[0m [30;104m D [0m com.solarexsoft.solarexrxjava.Observable@b7727b3,onSubscribe = com.solarexsoft.solarexrxjava.OnSubsc
                            ribeIO@1d16eed --> main
[36m             System.err[0m [30;103m W [0m java.lang.Exception: Stack trace
                        [30;103m W [0m     at java.lang.Thread.dumpStack(Thread.java:1513)
                        [30;103m W [0m     at com.solarexsoft.solarexrxjava.Observable.<init>(Observable.java:20)
                        [30;103m W [0m     at com.solarexsoft.solarexrxjava.Observable.create(Observable.java:26)
                        [30;103m W [0m     at com.solarexsoft.solarexrxjava.Observable.subscribeOnIO(Observable.java:50)
                        [30;103m W [0m     at com.solarexsoft.solarexrxjavademo.MainActivity.onClick(MainActivity.java:100)
                        [30;103m W [0m     at android.view.View.performClick(View.java:7201)
                        [30;103m W [0m     at android.view.View.performClickInternal(View.java:7170)
                        [30;103m W [0m     at android.view.View.access$3500(View.java:806)
                        [30;103m W [0m     at android.view.View$PerformClick.run(View.java:27562)
                        [30;103m W [0m     at android.os.Handler.handleCallback(Handler.java:883)
                        [30;103m W [0m     at android.os.Handler.dispatchMessage(Handler.java:100)
                        [30;103m W [0m     at android.os.Looper.loop(Looper.java:214)
                        [30;103m W [0m     at android.app.ActivityThread.main(ActivityThread.java:7682)
                        [30;103m W [0m     at java.lang.reflect.Method.invoke(Native Method)
                        [30;103m W [0m     at com.android.internal.os.RuntimeInit$MethodAndArgsCaller.run(RuntimeInit.java:516)
                        [30;103m W [0m     at com.android.internal.os.ZygoteInit.main(ZygoteInit.java:950)
[35m             Observable[0m [30;104m D [0m com.solarexsoft.solarexrxjava.Observable@b7727b3 subscribe observer = com.solarexsoft.solarexrxjavad
                            emo.MainActivity$6@ae30ce9 --> main
[36m             System.err[0m [30;103m W [0m java.lang.Exception: Stack trace
                        [30;103m W [0m     at java.lang.Thread.dumpStack(Thread.java:1513)
                        [30;103m W [0m     at com.solarexsoft.solarexrxjava.Observable.subscribe(Observable.java:32)
                        [30;103m W [0m     at com.solarexsoft.solarexrxjavademo.MainActivity.onClick(MainActivity.java:100)
                        [30;103m W [0m     at android.view.View.performClick(View.java:7201)
                        [30;103m W [0m     at android.view.View.performClickInternal(View.java:7170)
                        [30;103m W [0m     at android.view.View.access$3500(View.java:806)
                        [30;103m W [0m     at android.view.View$PerformClick.run(View.java:27562)
                        [30;103m W [0m     at android.os.Handler.handleCallback(Handler.java:883)
                        [30;103m W [0m     at android.os.Handler.dispatchMessage(Handler.java:100)
                        [30;103m W [0m     at android.os.Looper.loop(Looper.java:214)
                        [30;103m W [0m     at android.app.ActivityThread.main(ActivityThread.java:7682)
                        [30;103m W [0m     at java.lang.reflect.Method.invoke(Native Method)
                        [30;103m W [0m     at com.android.internal.os.RuntimeInit$MethodAndArgsCaller.run(RuntimeInit.java:516)
                        [30;103m W [0m     at com.android.internal.os.ZygoteInit.main(ZygoteInit.java:950)
[31m          OnSubscribeIO[0m [30;104m D [0m parent = com.solarexsoft.solarexrxjava.Observable@c76f8b1,this = com.solarexsoft.solarexrxjava.OnSub
                            scribeIO@1d16eed subscribe main
[36m             System.err[0m [30;103m W [0m java.lang.Exception: Stack trace
                        [30;103m W [0m     at java.lang.Thread.dumpStack(Thread.java:1513)
                        [30;103m W [0m     at com.solarexsoft.solarexrxjava.OnSubscribeIO.subscribe(OnSubscribeIO.java:33)
                        [30;103m W [0m     at com.solarexsoft.solarexrxjava.OnSubscribeIO.subscribe(OnSubscribeIO.java:16)
                        [30;103m W [0m     at com.solarexsoft.solarexrxjava.Observable.subscribe(Observable.java:34)
                        [30;103m W [0m     at com.solarexsoft.solarexrxjavademo.MainActivity.onClick(MainActivity.java:100)
                        [30;103m W [0m     at android.view.View.performClick(View.java:7201)
                        [30;103m W [0m     at android.view.View.performClickInternal(View.java:7170)
                        [30;103m W [0m     at android.view.View.access$3500(View.java:806)
                        [30;103m W [0m     at android.view.View$PerformClick.run(View.java:27562)
                        [30;103m W [0m     at android.os.Handler.handleCallback(Handler.java:883)
                        [30;103m W [0m     at android.os.Handler.dispatchMessage(Handler.java:100)
                        [30;103m W [0m     at android.os.Looper.loop(Looper.java:214)
                        [30;103m W [0m     at android.app.ActivityThread.main(ActivityThread.java:7682)
                        [30;103m W [0m     at java.lang.reflect.Method.invoke(Native Method)
                        [30;103m W [0m     at com.android.internal.os.RuntimeInit$MethodAndArgsCaller.run(RuntimeInit.java:516)
                        [30;103m W [0m     at com.android.internal.os.ZygoteInit.main(ZygoteInit.java:950)
[31m          OnSubscribeIO[0m [30;104m D [0m com.solarexsoft.solarexrxjava.OnSubscribeIO$1@2ef327a run pool-1-thread-1
[36m             System.err[0m [30;103m W [0m java.lang.Exception: Stack trace
                        [30;103m W [0m     at java.lang.Thread.dumpStack(Thread.java:1513)
                        [30;103m W [0m     at com.solarexsoft.solarexrxjava.OnSubscribeIO$1.run(OnSubscribeIO.java:40)
                        [30;103m W [0m     at java.util.concurrent.ThreadPoolExecutor.runWorker(ThreadPoolExecutor.java:1167)
                        [30;103m W [0m     at java.util.concurrent.ThreadPoolExecutor$Worker.run(ThreadPoolExecutor.java:641)
                        [30;103m W [0m     at java.lang.Thread.run(Thread.java:919)
[35m             Observable[0m [30;104m D [0m com.solarexsoft.solarexrxjava.Observable@c76f8b1 subscribe observer = com.solarexsoft.solarexrxjavad
                            emo.MainActivity$6@ae30ce9 --> pool-1-thread-1
[36m             System.err[0m [30;103m W [0m java.lang.Exception: Stack trace
                        [30;103m W [0m     at java.lang.Thread.dumpStack(Thread.java:1513)
                        [30;103m W [0m     at com.solarexsoft.solarexrxjava.Observable.subscribe(Observable.java:32)
                        [30;103m W [0m     at com.solarexsoft.solarexrxjava.OnSubscribeIO$1.run(OnSubscribeIO.java:42)
                        [30;103m W [0m     at java.util.concurrent.ThreadPoolExecutor.runWorker(ThreadPoolExecutor.java:1167)
                        [30;103m W [0m     at java.util.concurrent.ThreadPoolExecutor$Worker.run(ThreadPoolExecutor.java:641)
                        [30;103m W [0m     at java.lang.Thread.run(Thread.java:919)
[33m           MainActivity[0m [30;104m D [0m io before subscribe --> pool-1-thread-1
                        [30;104m D [0m io com.solarexsoft.solarexrxjavademo.MainActivity$6@ae30ce9 onNext solarex --> pool-1-thread-1
                        [30;104m D [0m io after subscribe --> pool-1-thread-1
                        [30;104m D [0m main run --> solarex-thread
[35m             Observable[0m [30;104m D [0m com.solarexsoft.solarexrxjava.Observable@bf8ed5d,onSubscribe = com.solarexsoft.solarexrxjavademo.Mai
                            nActivity$8$2@43d96d2 --> solarex-thread
[36m             System.err[0m [30;103m W [0m java.lang.Exception: Stack trace
                        [30;103m W [0m     at java.lang.Thread.dumpStack(Thread.java:1513)
                        [30;103m W [0m     at com.solarexsoft.solarexrxjava.Observable.<init>(Observable.java:20)
                        [30;103m W [0m     at com.solarexsoft.solarexrxjava.Observable.create(Observable.java:26)
                        [30;103m W [0m     at com.solarexsoft.solarexrxjavademo.MainActivity$8.run(MainActivity.java:122)
                        [30;103m W [0m     at java.lang.Thread.run(Thread.java:919)
[35m             Observable[0m [30;104m D [0m com.solarexsoft.solarexrxjava.Observable@bf8ed5d subscribeOnMain --> solarex-thread
[36m             System.err[0m [30;103m W [0m java.lang.Exception: Stack trace
                        [30;103m W [0m     at java.lang.Thread.dumpStack(Thread.java:1513)
                        [30;103m W [0m     at com.solarexsoft.solarexrxjava.Observable.subscribeOnMain(Observable.java:56)
                        [30;103m W [0m     at com.solarexsoft.solarexrxjavademo.MainActivity$8.run(MainActivity.java:129)
                        [30;103m W [0m     at java.lang.Thread.run(Thread.java:919)
[34m        OnSubscribeMain[0m [30;104m D [0m com.solarexsoft.solarexrxjava.OnSubscribeMain@5dc0259,parent = com.solarexsoft.solarexrxjava.Observa
                            ble@bf8ed5d
[36m             System.err[0m [30;103m W [0m java.lang.Exception: Stack trace
                        [30;103m W [0m     at java.lang.Thread.dumpStack(Thread.java:1513)
                        [30;103m W [0m     at com.solarexsoft.solarexrxjava.OnSubscribeMain.<init>(OnSubscribeMain.java:24)
                        [30;103m W [0m     at com.solarexsoft.solarexrxjava.Observable.subscribeOnMain(Observable.java:58)
                        [30;103m W [0m     at com.solarexsoft.solarexrxjavademo.MainActivity$8.run(MainActivity.java:129)
                        [30;103m W [0m     at java.lang.Thread.run(Thread.java:919)
[35m             Observable[0m [30;104m D [0m com.solarexsoft.solarexrxjava.Observable@2d496ff,onSubscribe = com.solarexsoft.solarexrxjava.OnSubsc
                            ribeMain@5dc0259 --> solarex-thread
[36m             System.err[0m [30;103m W [0m java.lang.Exception: Stack trace
                        [30;103m W [0m     at java.lang.Thread.dumpStack(Thread.java:1513)
                        [30;103m W [0m     at com.solarexsoft.solarexrxjava.Observable.<init>(Observable.java:20)
                        [30;103m W [0m     at com.solarexsoft.solarexrxjava.Observable.create(Observable.java:26)
                        [30;103m W [0m     at com.solarexsoft.solarexrxjava.Observable.subscribeOnMain(Observable.java:58)
                        [30;103m W [0m     at com.solarexsoft.solarexrxjavademo.MainActivity$8.run(MainActivity.java:129)
                        [30;103m W [0m     at java.lang.Thread.run(Thread.java:919)
[35m             Observable[0m [30;104m D [0m com.solarexsoft.solarexrxjava.Observable@2d496ff subscribe observer = com.solarexsoft.solarexrxjavad
                            emo.MainActivity$8$1@b416b15 --> solarex-thread
[36m             System.err[0m [30;103m W [0m java.lang.Exception: Stack trace
                        [30;103m W [0m     at java.lang.Thread.dumpStack(Thread.java:1513)
                        [30;103m W [0m     at com.solarexsoft.solarexrxjava.Observable.subscribe(Observable.java:32)
                        [30;103m W [0m     at com.solarexsoft.solarexrxjavademo.MainActivity$8.run(MainActivity.java:129)
                        [30;103m W [0m     at java.lang.Thread.run(Thread.java:919)
[34m        OnSubscribeMain[0m [30;104m D [0m parent = com.solarexsoft.solarexrxjava.Observable@bf8ed5d,this = com.solarexsoft.solarexrxjava.OnSub
                            scribeMain@5dc0259 subscribe solarex-thread
[36m             System.err[0m [30;103m W [0m java.lang.Exception: Stack trace
                        [30;103m W [0m     at java.lang.Thread.dumpStack(Thread.java:1513)
                        [30;103m W [0m     at com.solarexsoft.solarexrxjava.OnSubscribeMain.subscribe(OnSubscribeMain.java:34)
                        [30;103m W [0m     at com.solarexsoft.solarexrxjava.OnSubscribeMain.subscribe(OnSubscribeMain.java:16)
                        [30;103m W [0m     at com.solarexsoft.solarexrxjava.Observable.subscribe(Observable.java:34)
                        [30;103m W [0m     at com.solarexsoft.solarexrxjavademo.MainActivity$8.run(MainActivity.java:129)
                        [30;103m W [0m     at java.lang.Thread.run(Thread.java:919)
[34m        OnSubscribeMain[0m [30;104m D [0m com.solarexsoft.solarexrxjava.OnSubscribeMain$1@25aa391 run main
[36m             System.err[0m [30;103m W [0m java.lang.Exception: Stack trace
                        [30;103m W [0m     at java.lang.Thread.dumpStack(Thread.java:1513)
                        [30;103m W [0m     at com.solarexsoft.solarexrxjava.OnSubscribeMain$1.run(OnSubscribeMain.java:41)
                        [30;103m W [0m     at android.os.Handler.handleCallback(Handler.java:883)
                        [30;103m W [0m     at android.os.Handler.dispatchMessage(Handler.java:100)
                        [30;103m W [0m     at android.os.Looper.loop(Looper.java:214)
                        [30;103m W [0m     at android.app.ActivityThread.main(ActivityThread.java:7682)
                        [30;103m W [0m     at java.lang.reflect.Method.invoke(Native Method)
                        [30;103m W [0m     at com.android.internal.os.RuntimeInit$MethodAndArgsCaller.run(RuntimeInit.java:516)
                        [30;103m W [0m     at com.android.internal.os.ZygoteInit.main(ZygoteInit.java:950)
[35m             Observable[0m [30;104m D [0m com.solarexsoft.solarexrxjava.Observable@bf8ed5d subscribe observer = com.solarexsoft.solarexrxjavad
                            emo.MainActivity$8$1@b416b15 --> main
[36m             System.err[0m [30;103m W [0m java.lang.Exception: Stack trace
                        [30;103m W [0m     at java.lang.Thread.dumpStack(Thread.java:1513)
                        [30;103m W [0m     at com.solarexsoft.solarexrxjava.Observable.subscribe(Observable.java:32)
                        [30;103m W [0m     at com.solarexsoft.solarexrxjava.OnSubscribeMain$1.run(OnSubscribeMain.java:43)
                        [30;103m W [0m     at android.os.Handler.handleCallback(Handler.java:883)
                        [30;103m W [0m     at android.os.Handler.dispatchMessage(Handler.java:100)
                        [30;103m W [0m     at android.os.Looper.loop(Looper.java:214)
                        [30;103m W [0m     at android.app.ActivityThread.main(ActivityThread.java:7682)
                        [30;103m W [0m     at java.lang.reflect.Method.invoke(Native Method)
                        [30;103m W [0m     at com.android.internal.os.RuntimeInit$MethodAndArgsCaller.run(RuntimeInit.java:516)
                        [30;103m W [0m     at com.android.internal.os.ZygoteInit.main(ZygoteInit.java:950)
[33m           MainActivity[0m [30;104m D [0m main before subscribe --> main
                        [30;104m D [0m main com.solarexsoft.solarexrxjavademo.MainActivity$8$1@b416b15 onNext solarex --> main
                        [30;104m D [0m main after subscribe --> main
[35m             Observable[0m [30;104m D [0m com.solarexsoft.solarexrxjava.Observable@57f97d0,onSubscribe = com.solarexsoft.solarexrxjavademo.Mai
                            nActivity$10@27533c9 --> main
[36m             System.err[0m [30;103m W [0m java.lang.Exception: Stack trace
                        [30;103m W [0m     at java.lang.Thread.dumpStack(Thread.java:1513)
                        [30;103m W [0m     at com.solarexsoft.solarexrxjava.Observable.<init>(Observable.java:20)
                        [30;103m W [0m     at com.solarexsoft.solarexrxjava.Observable.create(Observable.java:26)
                        [30;103m W [0m     at com.solarexsoft.solarexrxjavademo.MainActivity.onClick(MainActivity.java:149)
                        [30;103m W [0m     at android.view.View.performClick(View.java:7201)
                        [30;103m W [0m     at android.view.View.performClickInternal(View.java:7170)
                        [30;103m W [0m     at android.view.View.access$3500(View.java:806)
                        [30;103m W [0m     at android.view.View$PerformClick.run(View.java:27562)
                        [30;103m W [0m     at android.os.Handler.handleCallback(Handler.java:883)
                        [30;103m W [0m     at android.os.Handler.dispatchMessage(Handler.java:100)
                        [30;103m W [0m     at android.os.Looper.loop(Looper.java:214)
                        [30;103m W [0m     at android.app.ActivityThread.main(ActivityThread.java:7682)
                        [30;103m W [0m     at java.lang.reflect.Method.invoke(Native Method)
                        [30;103m W [0m     at com.android.internal.os.RuntimeInit$MethodAndArgsCaller.run(RuntimeInit.java:516)
                        [30;103m W [0m     at com.android.internal.os.ZygoteInit.main(ZygoteInit.java:950)
[35m             Observable[0m [30;104m D [0m com.solarexsoft.solarexrxjava.Observable@57f97d0 subscribeOnIO --> main
[36m             System.err[0m [30;103m W [0m java.lang.Exception: Stack trace
                        [30;103m W [0m     at java.lang.Thread.dumpStack(Thread.java:1513)
                        [30;103m W [0m     at com.solarexsoft.solarexrxjava.Observable.subscribeOnIO(Observable.java:48)
                        [30;103m W [0m     at com.solarexsoft.solarexrxjavademo.MainActivity.onClick(MainActivity.java:156)
                        [30;103m W [0m     at android.view.View.performClick(View.java:7201)
                        [30;103m W [0m     at android.view.View.performClickInternal(View.java:7170)
                        [30;103m W [0m     at android.view.View.access$3500(View.java:806)
                        [30;103m W [0m     at android.view.View$PerformClick.run(View.java:27562)
                        [30;103m W [0m     at android.os.Handler.handleCallback(Handler.java:883)
                        [30;103m W [0m     at android.os.Handler.dispatchMessage(Handler.java:100)
                        [30;103m W [0m     at android.os.Looper.loop(Looper.java:214)
                        [30;103m W [0m     at android.app.ActivityThread.main(ActivityThread.java:7682)
                        [30;103m W [0m     at java.lang.reflect.Method.invoke(Native Method)
                        [30;103m W [0m     at com.android.internal.os.RuntimeInit$MethodAndArgsCaller.run(RuntimeInit.java:516)
                        [30;103m W [0m     at com.android.internal.os.ZygoteInit.main(ZygoteInit.java:950)
[31m          OnSubscribeIO[0m [30;104m D [0m com.solarexsoft.solarexrxjava.OnSubscribeIO@f0e60fc,parent = com.solarexsoft.solarexrxjava.Observabl
                            e@57f97d0
[36m             System.err[0m [30;103m W [0m java.lang.Exception: Stack trace
                        [30;103m W [0m     at java.lang.Thread.dumpStack(Thread.java:1513)
                        [30;103m W [0m     at com.solarexsoft.solarexrxjava.OnSubscribeIO.<init>(OnSubscribeIO.java:23)
                        [30;103m W [0m     at com.solarexsoft.solarexrxjava.Observable.subscribeOnIO(Observable.java:50)
                        [30;103m W [0m     at com.solarexsoft.solarexrxjavademo.MainActivity.onClick(MainActivity.java:156)
                        [30;103m W [0m     at android.view.View.performClick(View.java:7201)
                        [30;103m W [0m     at android.view.View.performClickInternal(View.java:7170)
                        [30;103m W [0m     at android.view.View.access$3500(View.java:806)
                        [30;103m W [0m     at android.view.View$PerformClick.run(View.java:27562)
                        [30;103m W [0m     at android.os.Handler.handleCallback(Handler.java:883)
                        [30;103m W [0m     at android.os.Handler.dispatchMessage(Handler.java:100)
                        [30;103m W [0m     at android.os.Looper.loop(Looper.java:214)
                        [30;103m W [0m     at android.app.ActivityThread.main(ActivityThread.java:7682)
                        [30;103m W [0m     at java.lang.reflect.Method.invoke(Native Method)
                        [30;103m W [0m     at com.android.internal.os.RuntimeInit$MethodAndArgsCaller.run(RuntimeInit.java:516)
                        [30;103m W [0m     at com.android.internal.os.ZygoteInit.main(ZygoteInit.java:950)
[35m             Observable[0m [30;104m D [0m com.solarexsoft.solarexrxjava.Observable@e9175da,onSubscribe = com.solarexsoft.solarexrxjava.OnSubsc
                            ribeIO@f0e60fc --> main
[36m             System.err[0m [30;103m W [0m java.lang.Exception: Stack trace
                        [30;103m W [0m     at java.lang.Thread.dumpStack(Thread.java:1513)
                        [30;103m W [0m     at com.solarexsoft.solarexrxjava.Observable.<init>(Observable.java:20)
                        [30;103m W [0m     at com.solarexsoft.solarexrxjava.Observable.create(Observable.java:26)
                        [30;103m W [0m     at com.solarexsoft.solarexrxjava.Observable.subscribeOnIO(Observable.java:50)
                        [30;103m W [0m     at com.solarexsoft.solarexrxjavademo.MainActivity.onClick(MainActivity.java:156)
                        [30;103m W [0m     at android.view.View.performClick(View.java:7201)
                        [30;103m W [0m     at android.view.View.performClickInternal(View.java:7170)
                        [30;103m W [0m     at android.view.View.access$3500(View.java:806)
                        [30;103m W [0m     at android.view.View$PerformClick.run(View.java:27562)
                        [30;103m W [0m     at android.os.Handler.handleCallback(Handler.java:883)
                        [30;103m W [0m     at android.os.Handler.dispatchMessage(Handler.java:100)
                        [30;103m W [0m     at android.os.Looper.loop(Looper.java:214)
                        [30;103m W [0m     at android.app.ActivityThread.main(ActivityThread.java:7682)
                        [30;103m W [0m     at java.lang.reflect.Method.invoke(Native Method)
                        [30;103m W [0m     at com.android.internal.os.RuntimeInit$MethodAndArgsCaller.run(RuntimeInit.java:516)
                        [30;103m W [0m     at com.android.internal.os.ZygoteInit.main(ZygoteInit.java:950)
[35m             Observable[0m [30;104m D [0m com.solarexsoft.solarexrxjava.Observable@e9175da subscribeOnMain --> main
[36m             System.err[0m [30;103m W [0m java.lang.Exception: Stack trace
                        [30;103m W [0m     at java.lang.Thread.dumpStack(Thread.java:1513)
                        [30;103m W [0m     at com.solarexsoft.solarexrxjava.Observable.subscribeOnMain(Observable.java:56)
                        [30;103m W [0m     at com.solarexsoft.solarexrxjavademo.MainActivity.onClick(MainActivity.java:156)
                        [30;103m W [0m     at android.view.View.performClick(View.java:7201)
                        [30;103m W [0m     at android.view.View.performClickInternal(View.java:7170)
                        [30;103m W [0m     at android.view.View.access$3500(View.java:806)
                        [30;103m W [0m     at android.view.View$PerformClick.run(View.java:27562)
                        [30;103m W [0m     at android.os.Handler.handleCallback(Handler.java:883)
                        [30;103m W [0m     at android.os.Handler.dispatchMessage(Handler.java:100)
                        [30;103m W [0m     at android.os.Looper.loop(Looper.java:214)
                        [30;103m W [0m     at android.app.ActivityThread.main(ActivityThread.java:7682)
                        [30;103m W [0m     at java.lang.reflect.Method.invoke(Native Method)
                        [30;103m W [0m     at com.android.internal.os.RuntimeInit$MethodAndArgsCaller.run(RuntimeInit.java:516)
                        [30;103m W [0m     at com.android.internal.os.ZygoteInit.main(ZygoteInit.java:950)
[34m        OnSubscribeMain[0m [30;104m D [0m com.solarexsoft.solarexrxjava.OnSubscribeMain@1da9301,parent = com.solarexsoft.solarexrxjava.Observa
                            ble@e9175da
[36m             System.err[0m [30;103m W [0m java.lang.Exception: Stack trace
                        [30;103m W [0m     at java.lang.Thread.dumpStack(Thread.java:1513)
                        [30;103m W [0m     at com.solarexsoft.solarexrxjava.OnSubscribeMain.<init>(OnSubscribeMain.java:24)
                        [30;103m W [0m     at com.solarexsoft.solarexrxjava.Observable.subscribeOnMain(Observable.java:58)
                        [30;103m W [0m     at com.solarexsoft.solarexrxjavademo.MainActivity.onClick(MainActivity.java:156)
                        [30;103m W [0m     at android.view.View.performClick(View.java:7201)
                        [30;103m W [0m     at android.view.View.performClickInternal(View.java:7170)
                        [30;103m W [0m     at android.view.View.access$3500(View.java:806)
                        [30;103m W [0m     at android.view.View$PerformClick.run(View.java:27562)
                        [30;103m W [0m     at android.os.Handler.handleCallback(Handler.java:883)
                        [30;103m W [0m     at android.os.Handler.dispatchMessage(Handler.java:100)
                        [30;103m W [0m     at android.os.Looper.loop(Looper.java:214)
                        [30;103m W [0m     at android.app.ActivityThread.main(ActivityThread.java:7682)
                        [30;103m W [0m     at java.lang.reflect.Method.invoke(Native Method)
                        [30;103m W [0m     at com.android.internal.os.RuntimeInit$MethodAndArgsCaller.run(RuntimeInit.java:516)
                        [30;103m W [0m     at com.android.internal.os.ZygoteInit.main(ZygoteInit.java:950)
[35m             Observable[0m [30;104m D [0m com.solarexsoft.solarexrxjava.Observable@b92fbe7,onSubscribe = com.solarexsoft.solarexrxjava.OnSubsc
                            ribeMain@1da9301 --> main
[36m             System.err[0m [30;103m W [0m java.lang.Exception: Stack trace
                        [30;103m W [0m     at java.lang.Thread.dumpStack(Thread.java:1513)
                        [30;103m W [0m     at com.solarexsoft.solarexrxjava.Observable.<init>(Observable.java:20)
                        [30;103m W [0m     at com.solarexsoft.solarexrxjava.Observable.create(Observable.java:26)
                        [30;103m W [0m     at com.solarexsoft.solarexrxjava.Observable.subscribeOnMain(Observable.java:58)
                        [30;103m W [0m     at com.solarexsoft.solarexrxjavademo.MainActivity.onClick(MainActivity.java:156)
                        [30;103m W [0m     at android.view.View.performClick(View.java:7201)
                        [30;103m W [0m     at android.view.View.performClickInternal(View.java:7170)
                        [30;103m W [0m     at android.view.View.access$3500(View.java:806)
                        [30;103m W [0m     at android.view.View$PerformClick.run(View.java:27562)
                        [30;103m W [0m     at android.os.Handler.handleCallback(Handler.java:883)
                        [30;103m W [0m     at android.os.Handler.dispatchMessage(Handler.java:100)
                        [30;103m W [0m     at android.os.Looper.loop(Looper.java:214)
                        [30;103m W [0m     at android.app.ActivityThread.main(ActivityThread.java:7682)
                        [30;103m W [0m     at java.lang.reflect.Method.invoke(Native Method)
                        [30;103m W [0m     at com.android.internal.os.RuntimeInit$MethodAndArgsCaller.run(RuntimeInit.java:516)
                        [30;103m W [0m     at com.android.internal.os.ZygoteInit.main(ZygoteInit.java:950)
[35m             Observable[0m [30;104m D [0m com.solarexsoft.solarexrxjava.Observable@b92fbe7 subscribe observer = com.solarexsoft.solarexrxjavad
                            emo.MainActivity$9@4dc5e3d --> main
[36m             System.err[0m [30;103m W [0m java.lang.Exception: Stack trace
                        [30;103m W [0m     at java.lang.Thread.dumpStack(Thread.java:1513)
                        [30;103m W [0m     at com.solarexsoft.solarexrxjava.Observable.subscribe(Observable.java:32)
                        [30;103m W [0m     at com.solarexsoft.solarexrxjavademo.MainActivity.onClick(MainActivity.java:156)
                        [30;103m W [0m     at android.view.View.performClick(View.java:7201)
                        [30;103m W [0m     at android.view.View.performClickInternal(View.java:7170)
                        [30;103m W [0m     at android.view.View.access$3500(View.java:806)
                        [30;103m W [0m     at android.view.View$PerformClick.run(View.java:27562)
                        [30;103m W [0m     at android.os.Handler.handleCallback(Handler.java:883)
                        [30;103m W [0m     at android.os.Handler.dispatchMessage(Handler.java:100)
                        [30;103m W [0m     at android.os.Looper.loop(Looper.java:214)
                        [30;103m W [0m     at android.app.ActivityThread.main(ActivityThread.java:7682)
                        [30;103m W [0m     at java.lang.reflect.Method.invoke(Native Method)
                        [30;103m W [0m     at com.android.internal.os.RuntimeInit$MethodAndArgsCaller.run(RuntimeInit.java:516)
                        [30;103m W [0m     at com.android.internal.os.ZygoteInit.main(ZygoteInit.java:950)
[34m        OnSubscribeMain[0m [30;104m D [0m parent = com.solarexsoft.solarexrxjava.Observable@e9175da,this = com.solarexsoft.solarexrxjava.OnSub
                            scribeMain@1da9301 subscribe main
[36m             System.err[0m [30;103m W [0m java.lang.Exception: Stack trace
                        [30;103m W [0m     at java.lang.Thread.dumpStack(Thread.java:1513)
                        [30;103m W [0m     at com.solarexsoft.solarexrxjava.OnSubscribeMain.subscribe(OnSubscribeMain.java:34)
                        [30;103m W [0m     at com.solarexsoft.solarexrxjava.OnSubscribeMain.subscribe(OnSubscribeMain.java:16)
                        [30;103m W [0m     at com.solarexsoft.solarexrxjava.Observable.subscribe(Observable.java:34)
                        [30;103m W [0m     at com.solarexsoft.solarexrxjavademo.MainActivity.onClick(MainActivity.java:156)
                        [30;103m W [0m     at android.view.View.performClick(View.java:7201)
                        [30;103m W [0m     at android.view.View.performClickInternal(View.java:7170)
                        [30;103m W [0m     at android.view.View.access$3500(View.java:806)
                        [30;103m W [0m     at android.view.View$PerformClick.run(View.java:27562)
                        [30;103m W [0m     at android.os.Handler.handleCallback(Handler.java:883)
                        [30;103m W [0m     at android.os.Handler.dispatchMessage(Handler.java:100)
                        [30;103m W [0m     at android.os.Looper.loop(Looper.java:214)
                        [30;103m W [0m     at android.app.ActivityThread.main(ActivityThread.java:7682)
                        [30;103m W [0m     at java.lang.reflect.Method.invoke(Native Method)
                        [30;103m W [0m     at com.android.internal.os.RuntimeInit$MethodAndArgsCaller.run(RuntimeInit.java:516)
                        [30;103m W [0m     at com.android.internal.os.ZygoteInit.main(ZygoteInit.java:950)
[34m        OnSubscribeMain[0m [30;104m D [0m com.solarexsoft.solarexrxjava.OnSubscribeMain$1@735a139 run main
[36m             System.err[0m [30;103m W [0m java.lang.Exception: Stack trace
                        [30;103m W [0m     at java.lang.Thread.dumpStack(Thread.java:1513)
                        [30;103m W [0m     at com.solarexsoft.solarexrxjava.OnSubscribeMain$1.run(OnSubscribeMain.java:41)
                        [30;103m W [0m     at android.os.Handler.handleCallback(Handler.java:883)
                        [30;103m W [0m     at android.os.Handler.dispatchMessage(Handler.java:100)
                        [30;103m W [0m     at android.os.Looper.loop(Looper.java:214)
                        [30;103m W [0m     at android.app.ActivityThread.main(ActivityThread.java:7682)
                        [30;103m W [0m     at java.lang.reflect.Method.invoke(Native Method)
                        [30;103m W [0m     at com.android.internal.os.RuntimeInit$MethodAndArgsCaller.run(RuntimeInit.java:516)
                        [30;103m W [0m     at com.android.internal.os.ZygoteInit.main(ZygoteInit.java:950)
[35m             Observable[0m [30;104m D [0m com.solarexsoft.solarexrxjava.Observable@e9175da subscribe observer = com.solarexsoft.solarexrxjavad
                            emo.MainActivity$9@4dc5e3d --> main
[36m             System.err[0m [30;103m W [0m java.lang.Exception: Stack trace
                        [30;103m W [0m     at java.lang.Thread.dumpStack(Thread.java:1513)
                        [30;103m W [0m     at com.solarexsoft.solarexrxjava.Observable.subscribe(Observable.java:32)
                        [30;103m W [0m     at com.solarexsoft.solarexrxjava.OnSubscribeMain$1.run(OnSubscribeMain.java:43)
                        [30;103m W [0m     at android.os.Handler.handleCallback(Handler.java:883)
                        [30;103m W [0m     at android.os.Handler.dispatchMessage(Handler.java:100)
                        [30;103m W [0m     at android.os.Looper.loop(Looper.java:214)
                        [30;103m W [0m     at android.app.ActivityThread.main(ActivityThread.java:7682)
                        [30;103m W [0m     at java.lang.reflect.Method.invoke(Native Method)
                        [30;103m W [0m     at com.android.internal.os.RuntimeInit$MethodAndArgsCaller.run(RuntimeInit.java:516)
                        [30;103m W [0m     at com.android.internal.os.ZygoteInit.main(ZygoteInit.java:950)
[31m          OnSubscribeIO[0m [30;104m D [0m parent = com.solarexsoft.solarexrxjava.Observable@57f97d0,this = com.solarexsoft.solarexrxjava.OnSub
                            scribeIO@f0e60fc subscribe main
[36m             System.err[0m [30;103m W [0m java.lang.Exception: Stack trace
                        [30;103m W [0m     at java.lang.Thread.dumpStack(Thread.java:1513)
                        [30;103m W [0m     at com.solarexsoft.solarexrxjava.OnSubscribeIO.subscribe(OnSubscribeIO.java:33)
                        [30;103m W [0m     at com.solarexsoft.solarexrxjava.OnSubscribeIO.subscribe(OnSubscribeIO.java:16)
                        [30;103m W [0m     at com.solarexsoft.solarexrxjava.Observable.subscribe(Observable.java:34)
                        [30;103m W [0m     at com.solarexsoft.solarexrxjava.OnSubscribeMain$1.run(OnSubscribeMain.java:43)
                        [30;103m W [0m     at android.os.Handler.handleCallback(Handler.java:883)
                        [30;103m W [0m     at android.os.Handler.dispatchMessage(Handler.java:100)
                        [30;103m W [0m     at android.os.Looper.loop(Looper.java:214)
                        [30;103m W [0m     at android.app.ActivityThread.main(ActivityThread.java:7682)
                        [30;103m W [0m     at java.lang.reflect.Method.invoke(Native Method)
                        [30;103m W [0m     at com.android.internal.os.RuntimeInit$MethodAndArgsCaller.run(RuntimeInit.java:516)
                        [30;103m W [0m     at com.android.internal.os.ZygoteInit.main(ZygoteInit.java:950)
[31m          OnSubscribeIO[0m [30;104m D [0m com.solarexsoft.solarexrxjava.OnSubscribeIO$1@2a3098a run pool-2-thread-1
[36m             System.err[0m [30;103m W [0m java.lang.Exception: Stack trace
                        [30;103m W [0m     at java.lang.Thread.dumpStack(Thread.java:1513)
                        [30;103m W [0m     at com.solarexsoft.solarexrxjava.OnSubscribeIO$1.run(OnSubscribeIO.java:40)
                        [30;103m W [0m     at java.util.concurrent.ThreadPoolExecutor.runWorker(ThreadPoolExecutor.java:1167)
                        [30;103m W [0m     at java.util.concurrent.ThreadPoolExecutor$Worker.run(ThreadPoolExecutor.java:641)
                        [30;103m W [0m     at java.lang.Thread.run(Thread.java:919)
[35m             Observable[0m [30;104m D [0m com.solarexsoft.solarexrxjava.Observable@57f97d0 subscribe observer = com.solarexsoft.solarexrxjavad
                            emo.MainActivity$9@4dc5e3d --> pool-2-thread-1
[36m             System.err[0m [30;103m W [0m java.lang.Exception: Stack trace
                        [30;103m W [0m     at java.lang.Thread.dumpStack(Thread.java:1513)
                        [30;103m W [0m     at com.solarexsoft.solarexrxjava.Observable.subscribe(Observable.java:32)
                        [30;103m W [0m     at com.solarexsoft.solarexrxjava.OnSubscribeIO$1.run(OnSubscribeIO.java:42)
                        [30;103m W [0m     at java.util.concurrent.ThreadPoolExecutor.runWorker(ThreadPoolExecutor.java:1167)
                        [30;103m W [0m     at java.util.concurrent.ThreadPoolExecutor$Worker.run(ThreadPoolExecutor.java:641)
                        [30;103m W [0m     at java.lang.Thread.run(Thread.java:919)
[33m           MainActivity[0m [30;104m D [0m io/main before subscribe --> pool-2-thread-1
                        [30;104m D [0m io/main com.solarexsoft.solarexrxjavademo.MainActivity$9@4dc5e3d onNext solarex --> pool-2-thread-1
                        [30;104m D [0m io/main after subscribe --> pool-2-thread-1
